<?xml version="1.0" encoding="UTF-8"?>
<!-- Generated by org.testng.reporters.JUnitReportReporter -->
<testsuite skipped="0" hostname="Hanadis-MacBook.local" name="TestCases.TestLogin" tests="5" failures="0" timestamp="2020-09-30T20:36:27 AST" time="42.601" errors="0">
  <testcase name="login" time="7.476" classname="TestCases.TestLogin"/>
  <system-out/>
  <testcase name="IncorrectCombination" time="16.141" classname="TestCases.TestLogin"/>
  <system-out/>
  <testcase name="VerifyEmailErrorMessage" time="4.828" classname="TestCases.TestLogin"/>
  <system-out/>
  <testcase name="VerifyPasswordErrorMessage" time="6.900" classname="TestCases.TestLogin"/>
  <system-out/>
  <testcase name="UnexistEmail" time="7.256" classname="TestCases.TestLogin"/>
  <system-out/>
</testsuite> <!-- TestCases.TestLogin -->
