<?xml version="1.0" encoding="UTF-8"?>
<!-- Generated by org.testng.reporters.JUnitReportReporter -->
<testsuite skipped="0" hostname="Hanadis-MacBook.local" name="TestCases.bookRoom" tests="3" failures="0" timestamp="2020-09-30T22:00:52 AST" time="228.516" errors="0">
  <testcase name="testwithemptyName" time="100.456" classname="TestCases.bookRoom"/>
  <system-out/>
  <testcase name="testWithValidData" time="60.597" classname="TestCases.bookRoom"/>
  <system-out/>
  <testcase name="testwithemptyEmail" time="67.463" classname="TestCases.bookRoom"/>
  <system-out/>
</testsuite> <!-- TestCases.bookRoom -->
