<?xml version="1.0" encoding="UTF-8"?>
<!-- Generated by org.testng.reporters.JUnitReportReporter -->
<testsuite skipped="0" hostname="Hanadis-MacBook.local" name="TestCases.TestSearch" tests="2" failures="0" timestamp="2020-09-30T20:47:15 AST" time="26.689" errors="0">
  <testcase name="VerifyErrorMessage" time="8.790" classname="TestCases.TestSearch"/>
  <system-out/>
  <testcase name="SuccessfulSearch" time="17.899" classname="TestCases.TestSearch"/>
  <system-out/>
</testsuite> <!-- TestCases.TestSearch -->
