<?xml version="1.0" encoding="UTF-8"?>
<!-- Generated by org.testng.reporters.JUnitReportReporter -->
<testsuite skipped="0" hostname="Hanadis-MacBook.local" name="TestCases.TestCancelBooking" tests="2" failures="0" timestamp="2020-09-30T12:21:29 AST" time="88.176" errors="0">
  <testcase name="VerifyCancelErrorMessage" time="47.370" classname="TestCases.TestCancelBooking"/>
  <system-out/>
  <testcase name="Cancel" time="40.806" classname="TestCases.TestCancelBooking"/>
  <system-out/>
</testsuite> <!-- TestCases.TestCancelBooking -->
